<?xml version="1.0" encoding="UTF-8"?>
<!-- Generated by org.testng.reporters.JUnitXMLReporter -->
<testsuite hostname="TESTING-PRAVEEN" ignored="0" tests="0" failures="0" timestamp="11 Mar 2019 06:55:39 GMT" time="2.306" errors="0">
  <testcase name="@BeforeTest crossbrowser" time="2.29" classname="scripts_Selenium.CrossBrowserTesting">
    <failure type="java.lang.NullPointerException">
      <![CDATA[java.lang.NullPointerException
at scripts_Selenium.CrossBrowserTesting.crossbrowser(CrossBrowserTesting.java:44)
at java.util.concurrent.FutureTask.run(Unknown Source)
at java.util.concurrent.ThreadPoolExecutor.runWorker(Unknown Source)
at java.util.concurrent.ThreadPoolExecutor$Worker.run(Unknown Source)
at java.lang.Thread.run(Unknown Source)
... Removed 15 stack frames]]>
    </failure>
  </testcase> <!-- @BeforeTest crossbrowser -->
</testsuite>
