<?xml version="1.0" encoding="UTF-8"?>
<!-- Generated by org.testng.reporters.JUnitXMLReporter -->
<testsuite hostname="TESTING-PRAVEEN" ignored="0" name="FirefoxTest" tests="1" failures="0" timestamp="11 Mar 2019 06:17:08 GMT" time="8.719" errors="0">
  <testcase name="@BeforeMethod crossbrowser" time="8.694" classname="scripts_Selenium.CrossBrowserTesting">
    <failure type="java.lang.NullPointerException">
      <![CDATA[java.lang.NullPointerException
at scripts_Selenium.CrossBrowserTesting.crossbrowser(CrossBrowserTesting.java:43)
at java.util.concurrent.FutureTask.run(Unknown Source)
at java.util.concurrent.ThreadPoolExecutor.runWorker(Unknown Source)
at java.util.concurrent.ThreadPoolExecutor$Worker.run(Unknown Source)
at java.lang.Thread.run(Unknown Source)
... Removed 19 stack frames]]>
    </failure>
  </testcase> <!-- @BeforeMethod crossbrowser -->
  <testcase name="printingresult" time="0.0" classname="scripts_Selenium.CrossBrowserTesting">
    <skipped/>
  </testcase> <!-- printingresult -->
</testsuite> <!-- FirefoxTest -->
